  hainaru_eduard.cpp
c:\users\predator 17\desktop\test poo\project1\project1\hainaru_eduard.cpp(7): error C2059: syntax error: ')'
c:\users\predator 17\desktop\test poo\project1\project1\hainaru_eduard.cpp(7): error C2143: syntax error: missing ';' before '{'
c:\users\predator 17\desktop\test poo\project1\project1\hainaru_eduard.cpp(7): error C2447: '{': missing function header (old-style formal list?)
c:\users\predator 17\desktop\test poo\project1\project1\hainaru_eduard.cpp(36): error C2065: 'ifstream': undeclared identifier
c:\users\predator 17\desktop\test poo\project1\project1\hainaru_eduard.cpp(36): error C2146: syntax error: missing ';' before identifier 'f'
c:\users\predator 17\desktop\test poo\project1\project1\hainaru_eduard.cpp(36): error C2065: 'f': undeclared identifier
c:\users\predator 17\desktop\test poo\project1\project1\hainaru_eduard.cpp(37): error C2065: 'string': undeclared identifier
c:\users\predator 17\desktop\test poo\project1\project1\hainaru_eduard.cpp(37): error C2146: syntax error: missing ';' before identifier 'nume'
c:\users\predator 17\desktop\test poo\project1\project1\hainaru_eduard.cpp(37): error C2065: 'nume': undeclared identifier
c:\users\predator 17\desktop\test poo\project1\project1\hainaru_eduard.cpp(40): error C2065: 'f': undeclared identifier
c:\users\predator 17\desktop\test poo\project1\project1\hainaru_eduard.cpp(41): error C2065: 'f': undeclared identifier
c:\users\predator 17\desktop\test poo\project1\project1\hainaru_eduard.cpp(43): error C2065: 'f': undeclared identifier
c:\users\predator 17\desktop\test poo\project1\project1\hainaru_eduard.cpp(43): error C2065: 'nume': undeclared identifier
c:\users\predator 17\desktop\test poo\project1\project1\hainaru_eduard.cpp(44): error C2065: 'f': undeclared identifier
c:\users\predator 17\desktop\test poo\project1\project1\hainaru_eduard.cpp(45): error C2065: 'f': undeclared identifier
c:\users\predator 17\desktop\test poo\project1\project1\hainaru_eduard.cpp(46): error C2065: 'f': undeclared identifier
c:\users\predator 17\desktop\test poo\project1\project1\hainaru_eduard.cpp(47): error C2065: 'f': undeclared identifier
c:\users\predator 17\desktop\test poo\project1\project1\hainaru_eduard.cpp(49): error C2065: 'nume': undeclared identifier
c:\users\predator 17\desktop\test poo\project1\project1\hainaru_eduard.cpp(49): error C2027: use of undefined type 'student'
  c:\users\predator 17\desktop\test poo\project1\project1\hainaru_eduard.cpp(7): note: see declaration of 'student'
c:\users\predator 17\desktop\test poo\project1\project1\hainaru_eduard.cpp(51): error C2065: 'f': undeclared identifier
c:\users\predator 17\desktop\test poo\project1\project1\hainaru_eduard.cpp(54): error C2065: 'f': undeclared identifier
c:\users\predator 17\desktop\test poo\project1\project1\hainaru_eduard.cpp(57): error C2143: syntax error: missing ';' before '&'
c:\users\predator 17\desktop\test poo\project1\project1\hainaru_eduard.cpp(57): error C4430: missing type specifier - int assumed. Note: C++ does not support default-int
c:\users\predator 17\desktop\test poo\project1\project1\hainaru_eduard.cpp(57): error C2065: 'in': undeclared identifier
c:\users\predator 17\desktop\test poo\project1\project1\hainaru_eduard.cpp(57): error C2065: 'p': undeclared identifier
c:\users\predator 17\desktop\test poo\project1\project1\hainaru_eduard.cpp(57): error C2275: 'student': illegal use of this type as an expression
  c:\users\predator 17\desktop\test poo\project1\project1\hainaru_eduard.cpp(7): note: see declaration of 'student'
c:\users\predator 17\desktop\test poo\project1\project1\hainaru_eduard.cpp(57): error C2473: 'operator >>': looks like a function definition, but there is no parameter list.
c:\users\predator 17\desktop\test poo\project1\project1\hainaru_eduard.cpp(58): error C2448: '>>': function-style initializer appears to be a function definition
c:\users\predator 17\desktop\test poo\project1\project1\hainaru_eduard.cpp(72): error C2065: 'list': undeclared identifier
c:\users\predator 17\desktop\test poo\project1\project1\hainaru_eduard.cpp(72): error C2988: unrecognizable template declaration/definition
c:\users\predator 17\desktop\test poo\project1\project1\hainaru_eduard.cpp(72): error C2059: syntax error: '>'
c:\users\predator 17\desktop\test poo\project1\project1\hainaru_eduard.cpp(72): error C2143: syntax error: missing ';' before '{'
c:\users\predator 17\desktop\test poo\project1\project1\hainaru_eduard.cpp(72): error C2447: '{': missing function header (old-style formal list?)
c:\users\predator 17\desktop\test poo\project1\project1\hainaru_eduard.cpp(80): error C2065: 'list': undeclared identifier
c:\users\predator 17\desktop\test poo\project1\project1\hainaru_eduard.cpp(80): error C2988: unrecognizable template declaration/definition
c:\users\predator 17\desktop\test poo\project1\project1\hainaru_eduard.cpp(80): error C2059: syntax error: '>'
c:\users\predator 17\desktop\test poo\project1\project1\hainaru_eduard.cpp(81): error C2143: syntax error: missing ';' before '{'
c:\users\predator 17\desktop\test poo\project1\project1\hainaru_eduard.cpp(81): error C2447: '{': missing function header (old-style formal list?)
c:\users\predator 17\desktop\test poo\project1\project1\hainaru_eduard.cpp(119): fatal error C1004: unexpected end-of-file found
